<?xml version="1.0" encoding="UTF-8" ?>
<testsuite failures="0" time="0.006" errors="0" skipped="0" tests="5" name="com.att.aro.android.arocollector.tcp.PacketUtilTest">
  <properties>
[...]
</properties>
  <testcase time="0.005" classname="com.att.aro.android.arocollector.tcp.PacketUtilTest" name="getNetworkInt"/>
  <testcase time="0" classname="com.att.aro.android.arocollector.tcp.PacketUtilTest" name="writeIntToBytes"/>
  <testcase time="0.001" classname="com.att.aro.android.arocollector.tcp.PacketUtilTest" name="isPacketCorrupted"/>
  <testcase time="0" classname="com.att.aro.android.arocollector.tcp.PacketUtilTest" name="isValidTCPChecksum"/>
  <testcase time="0" classname="com.att.aro.android.arocollector.tcp.PacketUtilTest" name="isValidIPChecksum"/>
</testsuite>